2020-09-28 16:22:58,115:INFO:PyCaret Classification Module
2020-09-28 16:22:58,116:INFO:version 2.1.2
2020-09-28 16:22:58,116:INFO:Initializing setup()
2020-09-28 16:22:58,116:INFO:USI: e55e
2020-09-28 16:22:58,118:INFO:setup(data=(142193, 23), target=Date
2008-12-01    No
2008-12-02    No
2008-12-03    No
2008-12-04    No
2008-12-05    No
              ..
2017-06-20    No
2017-06-21    No
2017-06-22    No
2017-06-23    No
2017-06-24    No
Name: RainTomorrow, Length: 142193, dtype: object, train_size=0.7, sampling=True, sample_estimator=None, categorical_features=None, categorical_imputation=constant, ordinal_features=None,
                    high_cardinality_features=None, high_cardinality_method=frequency, numeric_features=None, numeric_imputation=mean, date_features=None, ignore_features=None, normalize=False,
                    normalize_method=zscore, transformation=False, transformation_method=yeo-johnson, handle_unknown_categorical=True, unknown_categorical_method=least_frequent, pca=False, pca_method=linear,
                    pca_components=None, ignore_low_variance=False, combine_rare_levels=False, rare_level_threshold=0.1, bin_numeric_features=None, remove_outliers=False, outliers_threshold=0.05,
                    remove_multicollinearity=False, multicollinearity_threshold=0.9, remove_perfect_collinearity=False, create_clusters=False, cluster_iter=20,
                    polynomial_features=False, polynomial_degree=2, trigonometry_features=False, polynomial_threshold=0.1, group_features=None,
                    group_names=None, feature_selection=False, feature_selection_threshold=0.8, feature_interaction=False, feature_ratio=False, interaction_threshold=0.01,
                    fix_imbalance=False, fix_imbalance_method=None, data_split_shuffle=True, folds_shuffle=False, n_jobs=-1, html=True, session_id=None, log_experiment=False,
                    experiment_name=None, log_plots=False, log_profile=False, log_data=False, silent=False, verbose=True, profile=False)
2020-09-28 16:22:58,132:INFO:Checking environment
2020-09-28 16:22:58,132:INFO:python_version: 3.8.3
2020-09-28 16:22:58,132:INFO:python_build: ('default', 'Jul  2 2020 17:30:36')
2020-09-28 16:22:58,132:INFO:machine: AMD64
2020-09-28 16:22:58,133:INFO:platform: Windows-10-10.0.19041-SP0
2020-09-28 16:22:58,206:INFO:Memory: svmem(total=8469164032, available=1076260864, percent=87.3, used=7392903168, free=1076260864)
2020-09-28 16:22:58,240:INFO:Physical Core: 4
2020-09-28 16:22:58,241:INFO:Logical Core: 8
2020-09-28 16:22:58,241:INFO:Checking libraries
2020-09-28 16:22:58,241:INFO:pd==1.0.5
2020-09-28 16:22:58,241:INFO:numpy==1.18.5
2020-09-28 16:22:58,847:INFO:sklearn==0.23.1
2020-09-28 16:23:08,184:INFO:xgboost==1.2.0
2020-09-28 16:23:08,568:INFO:lightgbm==3.0.0
2020-09-28 16:23:11,509:INFO:catboost==0.24.1
2020-09-28 16:23:26,653:INFO:mlflow==1.11.0
2020-09-28 16:23:26,691:INFO:Checking Exceptions
2020-09-28 16:24:06,604:INFO:PyCaret Classification Module
2020-09-28 16:24:06,604:INFO:version 2.1.2
2020-09-28 16:24:06,604:INFO:Initializing setup()
2020-09-28 16:24:06,604:INFO:USI: e55c
2020-09-28 16:24:06,605:INFO:setup(data=(142193, 21), target=RainTomorrow, train_size=0.7, sampling=True, sample_estimator=None, categorical_features=None, categorical_imputation=constant, ordinal_features=None,
                    high_cardinality_features=None, high_cardinality_method=frequency, numeric_features=None, numeric_imputation=mean, date_features=None, ignore_features=None, normalize=False,
                    normalize_method=zscore, transformation=False, transformation_method=yeo-johnson, handle_unknown_categorical=True, unknown_categorical_method=least_frequent, pca=False, pca_method=linear,
                    pca_components=None, ignore_low_variance=False, combine_rare_levels=False, rare_level_threshold=0.1, bin_numeric_features=None, remove_outliers=False, outliers_threshold=0.05,
                    remove_multicollinearity=False, multicollinearity_threshold=0.9, remove_perfect_collinearity=False, create_clusters=False, cluster_iter=20,
                    polynomial_features=False, polynomial_degree=2, trigonometry_features=False, polynomial_threshold=0.1, group_features=None,
                    group_names=None, feature_selection=False, feature_selection_threshold=0.8, feature_interaction=False, feature_ratio=False, interaction_threshold=0.01,
                    fix_imbalance=False, fix_imbalance_method=None, data_split_shuffle=True, folds_shuffle=False, n_jobs=-1, html=True, session_id=None, log_experiment=False,
                    experiment_name=None, log_plots=False, log_profile=False, log_data=False, silent=False, verbose=True, profile=False)
2020-09-28 16:24:06,605:INFO:Checking environment
2020-09-28 16:24:06,605:INFO:python_version: 3.8.3
2020-09-28 16:24:06,605:INFO:python_build: ('default', 'Jul  2 2020 17:30:36')
2020-09-28 16:24:06,605:INFO:machine: AMD64
2020-09-28 16:24:06,605:INFO:platform: Windows-10-10.0.19041-SP0
2020-09-28 16:24:06,606:INFO:Memory: svmem(total=8469164032, available=1129750528, percent=86.7, used=7339413504, free=1129750528)
2020-09-28 16:24:06,606:INFO:Physical Core: 4
2020-09-28 16:24:06,606:INFO:Logical Core: 8
2020-09-28 16:24:06,606:INFO:Checking libraries
2020-09-28 16:24:06,606:INFO:pd==1.0.5
2020-09-28 16:24:06,606:INFO:numpy==1.18.5
2020-09-28 16:24:06,606:INFO:sklearn==0.23.1
2020-09-28 16:24:06,606:INFO:xgboost==1.2.0
2020-09-28 16:24:06,606:INFO:lightgbm==3.0.0
2020-09-28 16:24:06,606:INFO:catboost==0.24.1
2020-09-28 16:24:06,607:INFO:mlflow==1.11.0
2020-09-28 16:24:06,607:INFO:Checking Exceptions
2020-09-28 16:24:19,941:INFO:PyCaret Classification Module
2020-09-28 16:24:19,942:INFO:version 2.1.2
2020-09-28 16:24:19,942:INFO:Initializing setup()
2020-09-28 16:24:19,942:INFO:USI: c89f
2020-09-28 16:24:19,942:INFO:setup(data=(142193, 21), target=RainTomorrow, train_size=0.7, sampling=True, sample_estimator=None, categorical_features=None, categorical_imputation=constant, ordinal_features=None,
                    high_cardinality_features=None, high_cardinality_method=frequency, numeric_features=None, numeric_imputation=mean, date_features=None, ignore_features=None, normalize=False,
                    normalize_method=zscore, transformation=False, transformation_method=yeo-johnson, handle_unknown_categorical=True, unknown_categorical_method=least_frequent, pca=False, pca_method=linear,
                    pca_components=None, ignore_low_variance=False, combine_rare_levels=False, rare_level_threshold=0.1, bin_numeric_features=None, remove_outliers=False, outliers_threshold=0.05,
                    remove_multicollinearity=False, multicollinearity_threshold=0.9, remove_perfect_collinearity=False, create_clusters=False, cluster_iter=20,
                    polynomial_features=False, polynomial_degree=2, trigonometry_features=False, polynomial_threshold=0.1, group_features=None,
                    group_names=None, feature_selection=False, feature_selection_threshold=0.8, feature_interaction=False, feature_ratio=False, interaction_threshold=0.01,
                    fix_imbalance=False, fix_imbalance_method=None, data_split_shuffle=True, folds_shuffle=False, n_jobs=-1, html=True, session_id=None, log_experiment=False,
                    experiment_name=None, log_plots=False, log_profile=False, log_data=False, silent=False, verbose=True, profile=False)
2020-09-28 16:24:19,942:INFO:Checking environment
2020-09-28 16:24:19,942:INFO:python_version: 3.8.3
2020-09-28 16:24:19,942:INFO:python_build: ('default', 'Jul  2 2020 17:30:36')
2020-09-28 16:24:19,942:INFO:machine: AMD64
2020-09-28 16:24:19,942:INFO:platform: Windows-10-10.0.19041-SP0
2020-09-28 16:24:19,943:INFO:Memory: svmem(total=8469164032, available=1133875200, percent=86.6, used=7335288832, free=1133875200)
2020-09-28 16:24:19,943:INFO:Physical Core: 4
2020-09-28 16:24:19,943:INFO:Logical Core: 8
2020-09-28 16:24:19,943:INFO:Checking libraries
2020-09-28 16:24:19,943:INFO:pd==1.0.5
2020-09-28 16:24:19,943:INFO:numpy==1.18.5
2020-09-28 16:24:19,943:INFO:sklearn==0.23.1
2020-09-28 16:24:19,943:INFO:xgboost==1.2.0
2020-09-28 16:24:19,943:INFO:lightgbm==3.0.0
2020-09-28 16:24:19,943:INFO:catboost==0.24.1
2020-09-28 16:24:19,943:INFO:mlflow==1.11.0
2020-09-28 16:24:19,943:INFO:Checking Exceptions
2020-09-28 16:25:12,537:INFO:PyCaret Classification Module
2020-09-28 16:25:12,537:INFO:version 2.1.2
2020-09-28 16:25:12,537:INFO:Initializing setup()
2020-09-28 16:25:12,537:INFO:USI: 0bb0
2020-09-28 16:25:12,537:INFO:setup(data=(142193, 22), target=RainTomorrow, train_size=0.7, sampling=True, sample_estimator=None, categorical_features=None, categorical_imputation=constant, ordinal_features=None,
                    high_cardinality_features=None, high_cardinality_method=frequency, numeric_features=None, numeric_imputation=mean, date_features=None, ignore_features=None, normalize=False,
                    normalize_method=zscore, transformation=False, transformation_method=yeo-johnson, handle_unknown_categorical=True, unknown_categorical_method=least_frequent, pca=False, pca_method=linear,
                    pca_components=None, ignore_low_variance=False, combine_rare_levels=False, rare_level_threshold=0.1, bin_numeric_features=None, remove_outliers=False, outliers_threshold=0.05,
                    remove_multicollinearity=False, multicollinearity_threshold=0.9, remove_perfect_collinearity=False, create_clusters=False, cluster_iter=20,
                    polynomial_features=False, polynomial_degree=2, trigonometry_features=False, polynomial_threshold=0.1, group_features=None,
                    group_names=None, feature_selection=False, feature_selection_threshold=0.8, feature_interaction=False, feature_ratio=False, interaction_threshold=0.01,
                    fix_imbalance=False, fix_imbalance_method=None, data_split_shuffle=True, folds_shuffle=False, n_jobs=-1, html=True, session_id=None, log_experiment=False,
                    experiment_name=None, log_plots=False, log_profile=False, log_data=False, silent=False, verbose=True, profile=False)
2020-09-28 16:25:12,538:INFO:Checking environment
2020-09-28 16:25:12,538:INFO:python_version: 3.8.3
2020-09-28 16:25:12,538:INFO:python_build: ('default', 'Jul  2 2020 17:30:36')
2020-09-28 16:25:12,538:INFO:machine: AMD64
2020-09-28 16:25:12,538:INFO:platform: Windows-10-10.0.19041-SP0
2020-09-28 16:25:12,538:INFO:Memory: svmem(total=8469164032, available=1008115712, percent=88.1, used=7461048320, free=1008115712)
2020-09-28 16:25:12,538:INFO:Physical Core: 4
2020-09-28 16:25:12,538:INFO:Logical Core: 8
2020-09-28 16:25:12,538:INFO:Checking libraries
2020-09-28 16:25:12,538:INFO:pd==1.0.5
2020-09-28 16:25:12,538:INFO:numpy==1.18.5
2020-09-28 16:25:12,538:INFO:sklearn==0.23.1
2020-09-28 16:25:12,538:INFO:xgboost==1.2.0
2020-09-28 16:25:12,538:INFO:lightgbm==3.0.0
2020-09-28 16:25:12,538:INFO:catboost==0.24.1
2020-09-28 16:25:12,538:INFO:mlflow==1.11.0
2020-09-28 16:25:12,538:INFO:Checking Exceptions
2020-09-28 16:25:12,539:INFO:Preloading libraries
2020-09-28 16:25:12,539:INFO:Preparing display monitor
2020-09-28 16:25:13,268:INFO:Importing libraries
2020-09-28 16:25:24,104:INFO:Declaring global variables
2020-09-28 16:25:24,104:INFO:Copying data for preprocessing
2020-09-28 16:25:24,196:INFO:Declaring preprocessing parameters
2020-09-28 16:25:24,196:INFO:Importing preprocessing module
2020-09-28 16:25:36,209:INFO:Creating preprocessing pipeline
2020-09-28 16:26:41,010:INFO:Preprocessing pipeline created successfully
2020-09-28 16:26:41,010:INFO:Creating grid variables
2020-09-28 16:26:41,052:INFO:Creating global containers
2020-09-28 16:26:41,362:INFO:Sampling dataset
2020-09-28 16:28:46,286:INFO:create_model_container 0
2020-09-28 16:28:46,293:INFO:master_model_container 0
2020-09-28 16:28:46,293:INFO:display_container 0
2020-09-28 16:28:46,305:INFO:Pipeline(memory=None,
         steps=[('dtypes',
                 DataTypes_Auto_infer(categorical_features=[],
                                      display_types=True, features_todrop=[],
                                      ml_usecase='classification',
                                      numerical_features=[],
                                      target='RainTomorrow',
                                      time_features=[])),
                ('imputer',
                 Simple_Imputer(categorical_strategy='not_available',
                                numeric_strategy='mean',
                                target_variable=None)),
                ('new_levels1',
                 New_Catagoric...
                ('group', Empty()), ('nonliner', Empty()), ('scaling', Empty()),
                ('P_transform', Empty()), ('pt_target', Empty()),
                ('binn', Empty()), ('rem_outliers', Empty()),
                ('cluster_all', Empty()),
                ('dummy', Dummify(target='RainTomorrow')),
                ('fix_perfect', Empty()), ('clean_names', Clean_Colum_Names()),
                ('feature_select', Empty()), ('fix_multi', Empty()),
                ('dfs', Empty()), ('pca', Empty())],
         verbose=False)
2020-09-28 16:28:46,307:INFO:setup() succesfully completed......................................
2020-09-28 16:29:23,551:INFO:Initializing compare_models()
2020-09-28 16:29:23,551:INFO:compare_models(exclude=None, include=None, fold=10, round=4, sort=Accuracy, n_select=1, turbo=True, verbose=True)
2020-09-28 16:29:23,551:INFO:Checking exceptions
2020-09-28 16:29:23,554:INFO:Preloading libraries
2020-09-28 16:29:23,554:INFO:Preparing display monitor
2020-09-28 16:29:23,986:INFO:Copying training dataset
2020-09-28 16:29:23,989:INFO:Importing libraries
2020-09-28 16:29:25,310:INFO:Importing untrained models
2020-09-28 16:29:25,565:INFO:Import successful
2020-09-28 16:29:25,572:INFO:Defining folds
2020-09-28 16:29:25,572:INFO:Declaring metric variables
2020-09-28 16:29:25,573:INFO:Initializing Logistic Regression
2020-09-28 16:29:25,701:INFO:Initializing Fold 1
2020-09-28 16:29:25,701:INFO:Total runtime is 0.002147809664408366 minutes
2020-09-28 16:29:25,761:INFO:Fitting Model
2020-09-28 16:29:29,204:INFO:Evaluating Metrics
2020-09-28 16:29:29,235:INFO:Compiling Metrics
2020-09-28 16:29:29,281:INFO:Initializing Fold 2
2020-09-28 16:29:29,283:INFO:Total runtime is 0.061838153998057054 minutes
2020-09-28 16:29:29,383:INFO:Fitting Model
2020-09-28 16:29:32,336:INFO:Evaluating Metrics
2020-09-28 16:29:32,371:INFO:Compiling Metrics
2020-09-28 16:29:32,393:INFO:Initializing Fold 3
2020-09-28 16:29:32,394:INFO:Total runtime is 0.11369142532348633 minutes
2020-09-28 16:29:32,486:INFO:Fitting Model
2020-09-28 16:29:35,494:INFO:Evaluating Metrics
2020-09-28 16:29:35,523:INFO:Compiling Metrics
2020-09-28 16:29:35,549:INFO:Initializing Fold 4
2020-09-28 16:29:35,550:INFO:Total runtime is 0.16628467639287314 minutes
2020-09-28 16:29:35,640:INFO:Fitting Model
2020-09-28 16:29:38,890:INFO:Evaluating Metrics
2020-09-28 16:29:38,934:INFO:Compiling Metrics
2020-09-28 16:29:38,956:INFO:Initializing Fold 5
2020-09-28 16:29:38,957:INFO:Total runtime is 0.2230802615483602 minutes
2020-09-28 16:29:39,066:INFO:Fitting Model
2020-09-28 16:29:42,291:INFO:Evaluating Metrics
2020-09-28 16:29:42,324:INFO:Compiling Metrics
2020-09-28 16:29:42,350:INFO:Initializing Fold 6
2020-09-28 16:29:42,351:INFO:Total runtime is 0.27963770627975465 minutes
2020-09-28 16:29:42,480:INFO:Fitting Model
2020-09-28 16:29:45,728:INFO:Evaluating Metrics
2020-09-28 16:29:45,758:INFO:Compiling Metrics
2020-09-28 16:29:45,783:INFO:Initializing Fold 7
2020-09-28 16:29:45,784:INFO:Total runtime is 0.33685168822606404 minutes
2020-09-28 16:29:45,912:INFO:Fitting Model
2020-09-28 16:29:48,889:INFO:Evaluating Metrics
2020-09-28 16:29:48,922:INFO:Compiling Metrics
2020-09-28 16:29:48,948:INFO:Initializing Fold 8
2020-09-28 16:29:48,949:INFO:Total runtime is 0.38960309425989786 minutes
2020-09-28 16:29:49,109:INFO:Fitting Model
2020-09-28 16:29:52,172:INFO:Evaluating Metrics
2020-09-28 16:29:52,202:INFO:Compiling Metrics
2020-09-28 16:29:52,234:INFO:Initializing Fold 9
2020-09-28 16:29:52,235:INFO:Total runtime is 0.4443738023440043 minutes
2020-09-28 16:29:52,335:INFO:Fitting Model
2020-09-28 16:29:55,609:INFO:Evaluating Metrics
2020-09-28 16:29:55,650:INFO:Compiling Metrics
2020-09-28 16:29:55,678:INFO:Initializing Fold 10
2020-09-28 16:29:55,679:INFO:Total runtime is 0.5017708738644918 minutes
2020-09-28 16:29:55,776:INFO:Fitting Model
2020-09-28 16:29:58,936:INFO:Evaluating Metrics
2020-09-28 16:29:58,966:INFO:Compiling Metrics
2020-09-28 16:29:58,987:INFO:Calculating mean and std
2020-09-28 16:29:58,988:INFO:Creating metrics dataframe
2020-09-28 16:29:59,878:INFO:Initializing K Neighbors Classifier
2020-09-28 16:29:59,907:INFO:Initializing Fold 1
2020-09-28 16:29:59,908:INFO:Total runtime is 0.5722611784934998 minutes
2020-09-28 16:29:59,993:INFO:Fitting Model
2020-09-28 16:30:15,353:INFO:Evaluating Metrics
2020-09-28 16:30:32,283:INFO:Compiling Metrics
2020-09-28 16:30:32,304:INFO:Initializing Fold 2
2020-09-28 16:30:32,305:INFO:Total runtime is 1.1122050603230793 minutes
2020-09-28 16:30:32,371:INFO:Fitting Model
2020-09-28 16:30:45,753:INFO:Evaluating Metrics
2020-09-28 16:31:03,609:INFO:Compiling Metrics
2020-09-28 16:31:03,636:INFO:Initializing Fold 3
2020-09-28 16:31:03,637:INFO:Total runtime is 1.6344112356503804 minutes
2020-09-28 16:31:03,723:INFO:Fitting Model
2020-09-28 16:31:18,088:INFO:Evaluating Metrics
2020-09-28 16:31:35,445:INFO:Compiling Metrics
2020-09-28 16:31:35,467:INFO:Initializing Fold 4
2020-09-28 16:31:35,468:INFO:Total runtime is 2.1649265487988787 minutes
2020-09-28 16:31:35,550:INFO:Fitting Model
2020-09-28 16:31:51,643:INFO:Evaluating Metrics
2020-09-28 16:32:08,536:INFO:Compiling Metrics
2020-09-28 16:32:08,557:INFO:Initializing Fold 5
2020-09-28 16:32:08,558:INFO:Total runtime is 2.7164271910985307 minutes
2020-09-28 16:32:08,656:INFO:Fitting Model
2020-09-28 16:32:22,888:INFO:Evaluating Metrics
2020-09-28 16:32:39,482:INFO:Compiling Metrics
2020-09-28 16:32:39,503:INFO:Initializing Fold 6
2020-09-28 16:32:39,503:INFO:Total runtime is 3.232177631060282 minutes
2020-09-28 16:32:39,586:INFO:Fitting Model
2020-09-28 16:32:56,019:INFO:Evaluating Metrics
2020-09-28 16:33:14,166:INFO:Compiling Metrics
2020-09-28 16:33:14,185:INFO:Initializing Fold 7
2020-09-28 16:33:14,186:INFO:Total runtime is 3.8102303345998125 minutes
2020-09-28 16:33:14,266:INFO:Fitting Model
2020-09-28 16:33:29,824:INFO:Evaluating Metrics
2020-09-28 16:33:47,767:INFO:Compiling Metrics
2020-09-28 16:33:47,793:INFO:Initializing Fold 8
2020-09-28 16:33:47,793:INFO:Total runtime is 4.370342624187469 minutes
2020-09-28 16:33:47,939:INFO:Fitting Model
2020-09-28 16:34:03,079:INFO:Evaluating Metrics
2020-09-28 16:34:21,072:INFO:Compiling Metrics
2020-09-28 16:34:21,095:INFO:Initializing Fold 9
2020-09-28 16:34:21,095:INFO:Total runtime is 4.925377810001373 minutes
2020-09-28 16:34:21,179:INFO:Fitting Model
2020-09-28 16:34:35,541:INFO:Evaluating Metrics
2020-09-28 16:34:54,602:INFO:Compiling Metrics
2020-09-28 16:34:54,624:INFO:Initializing Fold 10
2020-09-28 16:34:54,624:INFO:Total runtime is 5.484192828337351 minutes
2020-09-28 16:34:54,701:INFO:Fitting Model
2020-09-28 16:35:10,325:INFO:Evaluating Metrics
2020-09-28 16:35:28,361:INFO:Compiling Metrics
2020-09-28 16:35:28,381:INFO:Calculating mean and std
2020-09-28 16:35:28,382:INFO:Creating metrics dataframe
2020-09-28 16:35:28,395:INFO:Initializing Naive Bayes
2020-09-28 16:35:28,418:INFO:Initializing Fold 1
2020-09-28 16:35:28,419:INFO:Total runtime is 6.047435998916625 minutes
2020-09-28 16:35:28,495:INFO:Fitting Model
2020-09-28 16:35:28,907:INFO:Evaluating Metrics
2020-09-28 16:35:29,261:INFO:Compiling Metrics
2020-09-28 16:35:29,282:INFO:Initializing Fold 2
2020-09-28 16:35:29,283:INFO:Total runtime is 6.0618468364079785 minutes
2020-09-28 16:35:29,381:INFO:Fitting Model
2020-09-28 16:35:29,826:INFO:Evaluating Metrics
2020-09-28 16:35:29,955:INFO:Compiling Metrics
2020-09-28 16:35:29,982:INFO:Initializing Fold 3
2020-09-28 16:35:29,984:INFO:Total runtime is 6.07353229522705 minutes
2020-09-28 16:35:30,067:INFO:Fitting Model
2020-09-28 16:35:30,510:INFO:Evaluating Metrics
2020-09-28 16:35:30,650:INFO:Compiling Metrics
2020-09-28 16:35:30,676:INFO:Initializing Fold 4
2020-09-28 16:35:30,677:INFO:Total runtime is 6.085077754656473 minutes
2020-09-28 16:35:30,804:INFO:Fitting Model
2020-09-28 16:35:31,127:INFO:Evaluating Metrics
2020-09-28 16:35:31,224:INFO:Compiling Metrics
2020-09-28 16:35:31,246:INFO:Initializing Fold 5
2020-09-28 16:35:31,246:INFO:Total runtime is 6.094552155335744 minutes
2020-09-28 16:35:31,365:INFO:Fitting Model
2020-09-28 16:35:31,729:INFO:Evaluating Metrics
2020-09-28 16:35:31,818:INFO:Compiling Metrics
2020-09-28 16:35:31,838:INFO:Initializing Fold 6
2020-09-28 16:35:31,839:INFO:Total runtime is 6.104442346096038 minutes
2020-09-28 16:35:31,927:INFO:Fitting Model
2020-09-28 16:35:32,275:INFO:Evaluating Metrics
2020-09-28 16:35:32,374:INFO:Compiling Metrics
2020-09-28 16:35:32,396:INFO:Initializing Fold 7
2020-09-28 16:35:32,396:INFO:Total runtime is 6.113726484775542 minutes
2020-09-28 16:35:32,509:INFO:Fitting Model
2020-09-28 16:35:32,871:INFO:Evaluating Metrics
2020-09-28 16:35:32,960:INFO:Compiling Metrics
2020-09-28 16:35:32,981:INFO:Initializing Fold 8
2020-09-28 16:35:32,982:INFO:Total runtime is 6.123488052686055 minutes
2020-09-28 16:35:33,084:INFO:Fitting Model
2020-09-28 16:35:33,412:INFO:Evaluating Metrics
2020-09-28 16:35:33,584:INFO:Compiling Metrics
2020-09-28 16:35:33,607:INFO:Initializing Fold 9
2020-09-28 16:35:33,607:INFO:Total runtime is 6.133910389741261 minutes
2020-09-28 16:35:33,687:INFO:Fitting Model
2020-09-28 16:35:33,987:INFO:Evaluating Metrics
2020-09-28 16:35:34,087:INFO:Compiling Metrics
2020-09-28 16:35:34,107:INFO:Initializing Fold 10
2020-09-28 16:35:34,108:INFO:Total runtime is 6.142254511515299 minutes
2020-09-28 16:35:34,228:INFO:Fitting Model
2020-09-28 16:35:34,590:INFO:Evaluating Metrics
2020-09-28 16:35:34,681:INFO:Compiling Metrics
2020-09-28 16:35:34,706:INFO:Calculating mean and std
2020-09-28 16:35:34,707:INFO:Creating metrics dataframe
2020-09-28 16:35:34,722:INFO:Initializing Decision Tree Classifier
2020-09-28 16:35:34,742:INFO:Initializing Fold 1
2020-09-28 16:35:34,743:INFO:Total runtime is 6.152834860483805 minutes
2020-09-28 16:35:34,861:INFO:Fitting Model
2020-09-28 16:35:39,062:INFO:Evaluating Metrics
2020-09-28 16:35:39,100:INFO:Compiling Metrics
2020-09-28 16:35:39,120:INFO:Initializing Fold 2
2020-09-28 16:35:39,121:INFO:Total runtime is 6.225813416639963 minutes
2020-09-28 16:35:39,210:INFO:Fitting Model
2020-09-28 16:35:43,563:INFO:Evaluating Metrics
2020-09-28 16:35:43,612:INFO:Compiling Metrics
2020-09-28 16:35:43,641:INFO:Initializing Fold 3
2020-09-28 16:35:43,642:INFO:Total runtime is 6.301153842608133 minutes
2020-09-28 16:35:43,758:INFO:Fitting Model
2020-09-28 16:35:47,620:INFO:Evaluating Metrics
2020-09-28 16:35:47,655:INFO:Compiling Metrics
2020-09-28 16:35:47,677:INFO:Initializing Fold 4
2020-09-28 16:35:47,678:INFO:Total runtime is 6.368424661954243 minutes
2020-09-28 16:35:47,786:INFO:Fitting Model
2020-09-28 16:35:51,811:INFO:Evaluating Metrics
2020-09-28 16:35:51,844:INFO:Compiling Metrics
2020-09-28 16:35:51,866:INFO:Initializing Fold 5
2020-09-28 16:35:51,869:INFO:Total runtime is 6.438272349039712 minutes
2020-09-28 16:35:51,958:INFO:Fitting Model
2020-09-28 16:35:56,307:INFO:Evaluating Metrics
2020-09-28 16:35:56,341:INFO:Compiling Metrics
2020-09-28 16:35:56,363:INFO:Initializing Fold 6
2020-09-28 16:35:56,365:INFO:Total runtime is 6.513205750783283 minutes
2020-09-28 16:35:56,457:INFO:Fitting Model
2020-09-28 16:36:00,708:INFO:Evaluating Metrics
2020-09-28 16:36:00,743:INFO:Compiling Metrics
2020-09-28 16:36:00,762:INFO:Initializing Fold 7
2020-09-28 16:36:00,763:INFO:Total runtime is 6.586501304308571 minutes
2020-09-28 16:36:00,842:INFO:Fitting Model
2020-09-28 16:36:04,581:INFO:Evaluating Metrics
2020-09-28 16:36:04,614:INFO:Compiling Metrics
2020-09-28 16:36:04,641:INFO:Initializing Fold 8
2020-09-28 16:36:04,642:INFO:Total runtime is 6.651161777973173 minutes
2020-09-28 16:36:04,729:INFO:Fitting Model
2020-09-28 16:36:08,647:INFO:Evaluating Metrics
2020-09-28 16:36:08,680:INFO:Compiling Metrics
2020-09-28 16:36:08,700:INFO:Initializing Fold 9
2020-09-28 16:36:08,701:INFO:Total runtime is 6.718814031283059 minutes
2020-09-28 16:36:08,786:INFO:Fitting Model
2020-09-28 16:36:12,502:INFO:Evaluating Metrics
2020-09-28 16:36:12,539:INFO:Compiling Metrics
2020-09-28 16:36:12,560:INFO:Initializing Fold 10
2020-09-28 16:36:12,561:INFO:Total runtime is 6.783143329620359 minutes
2020-09-28 16:36:12,665:INFO:Fitting Model
2020-09-28 16:36:16,462:INFO:Evaluating Metrics
2020-09-28 16:36:16,495:INFO:Compiling Metrics
2020-09-28 16:36:16,520:INFO:Calculating mean and std
2020-09-28 16:36:16,520:INFO:Creating metrics dataframe
2020-09-28 16:36:16,534:INFO:Initializing SVM - Linear Kernel
2020-09-28 16:36:16,551:INFO:Initializing Fold 1
2020-09-28 16:36:16,552:INFO:Total runtime is 6.849653971195219 minutes
2020-09-28 16:36:16,655:INFO:Fitting Model
2020-09-28 16:36:44,808:INFO:Evaluating Metrics
2020-09-28 16:36:44,809:WARNING:model has no predict_proba attribute. pred_prob set to 0.00
2020-09-28 16:36:44,842:WARNING:model has no predict_proba attribute. AUC set to 0.00
2020-09-28 16:36:44,853:INFO:Compiling Metrics
2020-09-28 16:36:44,878:INFO:Initializing Fold 2
2020-09-28 16:36:44,879:INFO:Total runtime is 7.321777562300363 minutes
2020-09-28 16:36:44,985:INFO:Fitting Model
2020-09-28 16:37:00,370:INFO:Evaluating Metrics
2020-09-28 16:37:00,370:WARNING:model has no predict_proba attribute. pred_prob set to 0.00
2020-09-28 16:37:00,380:WARNING:model has no predict_proba attribute. AUC set to 0.00
2020-09-28 16:37:00,393:INFO:Compiling Metrics
2020-09-28 16:37:00,422:INFO:Initializing Fold 3
2020-09-28 16:37:00,422:INFO:Total runtime is 7.58083259264628 minutes
2020-09-28 16:37:00,510:INFO:Fitting Model
2020-09-28 16:37:21,951:INFO:Evaluating Metrics
2020-09-28 16:37:21,951:WARNING:model has no predict_proba attribute. pred_prob set to 0.00
2020-09-28 16:37:21,959:WARNING:model has no predict_proba attribute. AUC set to 0.00
2020-09-28 16:37:21,971:INFO:Compiling Metrics
2020-09-28 16:37:21,999:INFO:Initializing Fold 4
2020-09-28 16:37:22,000:INFO:Total runtime is 7.9404502391815175 minutes
2020-09-28 16:37:22,126:INFO:Fitting Model
2020-09-28 16:37:37,528:INFO:Evaluating Metrics
2020-09-28 16:37:37,528:WARNING:model has no predict_proba attribute. pred_prob set to 0.00
2020-09-28 16:37:37,539:WARNING:model has no predict_proba attribute. AUC set to 0.00
2020-09-28 16:37:37,549:INFO:Compiling Metrics
2020-09-28 16:37:37,575:INFO:Initializing Fold 5
2020-09-28 16:37:37,576:INFO:Total runtime is 8.200061345100401 minutes
2020-09-28 16:37:37,666:INFO:Fitting Model
2020-09-28 16:37:49,769:INFO:Evaluating Metrics
2020-09-28 16:37:49,769:WARNING:model has no predict_proba attribute. pred_prob set to 0.00
2020-09-28 16:37:49,778:WARNING:model has no predict_proba attribute. AUC set to 0.00
2020-09-28 16:37:49,789:INFO:Compiling Metrics
2020-09-28 16:37:49,813:INFO:Initializing Fold 6
2020-09-28 16:37:49,814:INFO:Total runtime is 8.40401666164398 minutes
2020-09-28 16:37:49,916:INFO:Fitting Model
2020-09-28 16:38:09,693:INFO:Evaluating Metrics
2020-09-28 16:38:09,693:WARNING:model has no predict_proba attribute. pred_prob set to 0.00
2020-09-28 16:38:09,704:WARNING:model has no predict_proba attribute. AUC set to 0.00
2020-09-28 16:38:09,716:INFO:Compiling Metrics
2020-09-28 16:38:09,742:INFO:Initializing Fold 7
2020-09-28 16:38:09,743:INFO:Total runtime is 8.73617565234502 minutes
2020-09-28 16:38:09,900:INFO:Fitting Model
2020-09-28 16:38:25,564:INFO:Evaluating Metrics
2020-09-28 16:38:25,564:WARNING:model has no predict_proba attribute. pred_prob set to 0.00
2020-09-28 16:38:25,574:WARNING:model has no predict_proba attribute. AUC set to 0.00
2020-09-28 16:38:25,587:INFO:Compiling Metrics
2020-09-28 16:38:25,608:INFO:Initializing Fold 8
2020-09-28 16:38:25,608:INFO:Total runtime is 9.00059778690338 minutes
2020-09-28 16:38:25,695:INFO:Fitting Model
2020-09-28 16:38:43,084:INFO:Evaluating Metrics
2020-09-28 16:38:43,085:WARNING:model has no predict_proba attribute. pred_prob set to 0.00
2020-09-28 16:38:43,093:WARNING:model has no predict_proba attribute. AUC set to 0.00
2020-09-28 16:38:43,104:INFO:Compiling Metrics
2020-09-28 16:38:43,131:INFO:Initializing Fold 9
2020-09-28 16:38:43,132:INFO:Total runtime is 9.29265163342158 minutes
2020-09-28 16:38:43,234:INFO:Fitting Model
2020-09-28 16:38:58,955:INFO:Evaluating Metrics
2020-09-28 16:38:58,955:WARNING:model has no predict_proba attribute. pred_prob set to 0.00
2020-09-28 16:38:58,964:WARNING:model has no predict_proba attribute. AUC set to 0.00
2020-09-28 16:38:58,975:INFO:Compiling Metrics
2020-09-28 16:38:59,004:INFO:Initializing Fold 10
2020-09-28 16:38:59,004:INFO:Total runtime is 9.557187863190968 minutes
2020-09-28 16:38:59,102:INFO:Fitting Model
2020-09-28 16:39:22,732:INFO:Evaluating Metrics
2020-09-28 16:39:22,732:WARNING:model has no predict_proba attribute. pred_prob set to 0.00
2020-09-28 16:39:22,744:WARNING:model has no predict_proba attribute. AUC set to 0.00
2020-09-28 16:39:22,758:INFO:Compiling Metrics
2020-09-28 16:39:22,779:INFO:Calculating mean and std
2020-09-28 16:39:22,779:INFO:Creating metrics dataframe
2020-09-28 16:39:22,796:INFO:Initializing Ridge Classifier
2020-09-28 16:39:22,820:INFO:Initializing Fold 1
2020-09-28 16:39:22,822:INFO:Total runtime is 9.954157797495524 minutes
2020-09-28 16:39:22,917:INFO:Fitting Model
2020-09-28 16:39:24,296:INFO:Evaluating Metrics
2020-09-28 16:39:24,296:WARNING:model has no predict_proba attribute. pred_prob set to 0.00
2020-09-28 16:39:24,307:WARNING:model has no predict_proba attribute. AUC set to 0.00
2020-09-28 16:39:24,319:INFO:Compiling Metrics
2020-09-28 16:39:24,344:INFO:Initializing Fold 2
2020-09-28 16:39:24,345:INFO:Total runtime is 9.979536644617717 minutes
2020-09-28 16:39:24,438:INFO:Fitting Model
2020-09-28 16:39:24,865:INFO:Evaluating Metrics
2020-09-28 16:39:24,865:WARNING:model has no predict_proba attribute. pred_prob set to 0.00
2020-09-28 16:39:24,877:WARNING:model has no predict_proba attribute. AUC set to 0.00
2020-09-28 16:39:24,890:INFO:Compiling Metrics
2020-09-28 16:39:24,915:INFO:Initializing Fold 3
2020-09-28 16:39:24,916:INFO:Total runtime is 9.989061200618744 minutes
2020-09-28 16:39:25,045:INFO:Fitting Model
2020-09-28 16:39:25,422:INFO:Evaluating Metrics
2020-09-28 16:39:25,422:WARNING:model has no predict_proba attribute. pred_prob set to 0.00
2020-09-28 16:39:25,435:WARNING:model has no predict_proba attribute. AUC set to 0.00
2020-09-28 16:39:25,444:INFO:Compiling Metrics
2020-09-28 16:39:25,472:INFO:Initializing Fold 4
2020-09-28 16:39:25,473:INFO:Total runtime is 9.99834483464559 minutes
2020-09-28 16:39:25,590:INFO:Fitting Model
2020-09-28 16:39:25,986:INFO:Evaluating Metrics
2020-09-28 16:39:25,986:WARNING:model has no predict_proba attribute. pred_prob set to 0.00
2020-09-28 16:39:25,994:WARNING:model has no predict_proba attribute. AUC set to 0.00
2020-09-28 16:39:26,007:INFO:Compiling Metrics
2020-09-28 16:39:26,033:INFO:Initializing Fold 5
2020-09-28 16:39:26,036:INFO:Total runtime is 10.007719830671947 minutes
2020-09-28 16:39:26,102:INFO:Fitting Model
2020-09-28 16:39:26,476:INFO:Evaluating Metrics
2020-09-28 16:39:26,476:WARNING:model has no predict_proba attribute. pred_prob set to 0.00
2020-09-28 16:39:26,490:WARNING:model has no predict_proba attribute. AUC set to 0.00
2020-09-28 16:39:26,503:INFO:Compiling Metrics
2020-09-28 16:39:26,538:INFO:Initializing Fold 6
2020-09-28 16:39:26,539:INFO:Total runtime is 10.016114008426667 minutes
2020-09-28 16:39:26,643:INFO:Fitting Model
2020-09-28 16:39:27,060:INFO:Evaluating Metrics
2020-09-28 16:39:27,060:WARNING:model has no predict_proba attribute. pred_prob set to 0.00
2020-09-28 16:39:27,076:WARNING:model has no predict_proba attribute. AUC set to 0.00
2020-09-28 16:39:27,087:INFO:Compiling Metrics
2020-09-28 16:39:27,111:INFO:Initializing Fold 7
2020-09-28 16:39:27,112:INFO:Total runtime is 10.025655154387158 minutes
2020-09-28 16:39:27,203:INFO:Fitting Model
2020-09-28 16:39:27,594:INFO:Evaluating Metrics
2020-09-28 16:39:27,595:WARNING:model has no predict_proba attribute. pred_prob set to 0.00
2020-09-28 16:39:27,607:WARNING:model has no predict_proba attribute. AUC set to 0.00
2020-09-28 16:39:27,622:INFO:Compiling Metrics
2020-09-28 16:39:27,654:INFO:Initializing Fold 8
2020-09-28 16:39:27,656:INFO:Total runtime is 10.034722757339479 minutes
2020-09-28 16:39:27,776:INFO:Fitting Model
2020-09-28 16:39:28,168:INFO:Evaluating Metrics
2020-09-28 16:39:28,168:WARNING:model has no predict_proba attribute. pred_prob set to 0.00
2020-09-28 16:39:28,183:WARNING:model has no predict_proba attribute. AUC set to 0.00
2020-09-28 16:39:28,192:INFO:Compiling Metrics
2020-09-28 16:39:28,220:INFO:Initializing Fold 9
2020-09-28 16:39:28,221:INFO:Total runtime is 10.044147614638012 minutes
2020-09-28 16:39:28,374:INFO:Fitting Model
2020-09-28 16:39:28,886:INFO:Evaluating Metrics
2020-09-28 16:39:28,887:WARNING:model has no predict_proba attribute. pred_prob set to 0.00
2020-09-28 16:39:28,903:WARNING:model has no predict_proba attribute. AUC set to 0.00
2020-09-28 16:39:28,922:INFO:Compiling Metrics
2020-09-28 16:39:28,960:INFO:Initializing Fold 10
2020-09-28 16:39:28,962:INFO:Total runtime is 10.056497971216839 minutes
2020-09-28 16:39:29,104:INFO:Fitting Model
2020-09-28 16:39:29,496:INFO:Evaluating Metrics
2020-09-28 16:39:29,496:WARNING:model has no predict_proba attribute. pred_prob set to 0.00
2020-09-28 16:39:29,509:WARNING:model has no predict_proba attribute. AUC set to 0.00
2020-09-28 16:39:29,523:INFO:Compiling Metrics
2020-09-28 16:39:29,553:INFO:Calculating mean and std
2020-09-28 16:39:29,554:INFO:Creating metrics dataframe
2020-09-28 16:39:29,570:INFO:Initializing Random Forest Classifier
2020-09-28 16:39:29,593:INFO:Initializing Fold 1
2020-09-28 16:39:29,594:INFO:Total runtime is 10.067028343677523 minutes
2020-09-28 16:39:29,709:INFO:Fitting Model
2020-09-28 16:39:31,213:INFO:Evaluating Metrics
2020-09-28 16:39:31,279:INFO:Compiling Metrics
2020-09-28 16:39:31,301:INFO:Initializing Fold 2
2020-09-28 16:39:31,302:INFO:Total runtime is 10.095494409402214 minutes
2020-09-28 16:39:31,385:INFO:Fitting Model
2020-09-28 16:39:33,360:INFO:Evaluating Metrics
2020-09-28 16:39:33,423:INFO:Compiling Metrics
2020-09-28 16:39:33,443:INFO:Initializing Fold 3
2020-09-28 16:39:33,444:INFO:Total runtime is 10.131188166141513 minutes
2020-09-28 16:39:33,530:INFO:Fitting Model
2020-09-28 16:39:35,021:INFO:Evaluating Metrics
2020-09-28 16:39:35,089:INFO:Compiling Metrics
2020-09-28 16:39:35,108:INFO:Initializing Fold 4
2020-09-28 16:39:35,109:INFO:Total runtime is 10.158934036890669 minutes
2020-09-28 16:39:35,216:INFO:Fitting Model
2020-09-28 16:39:36,733:INFO:Evaluating Metrics
2020-09-28 16:39:36,796:INFO:Compiling Metrics
2020-09-28 16:39:36,817:INFO:Initializing Fold 5
2020-09-28 16:39:36,818:INFO:Total runtime is 10.187424556414289 minutes
2020-09-28 16:39:36,922:INFO:Fitting Model
2020-09-28 16:39:38,663:INFO:Evaluating Metrics
2020-09-28 16:39:38,726:INFO:Compiling Metrics
2020-09-28 16:39:38,747:INFO:Initializing Fold 6
2020-09-28 16:39:38,747:INFO:Total runtime is 10.21956973075867 minutes
2020-09-28 16:39:38,851:INFO:Fitting Model
2020-09-28 16:39:40,477:INFO:Evaluating Metrics
2020-09-28 16:39:40,540:INFO:Compiling Metrics
2020-09-28 16:39:40,560:INFO:Initializing Fold 7
2020-09-28 16:39:40,561:INFO:Total runtime is 10.249807512760166 minutes
2020-09-28 16:39:40,655:INFO:Fitting Model
2020-09-28 16:39:42,112:INFO:Evaluating Metrics
2020-09-28 16:39:42,188:INFO:Compiling Metrics
2020-09-28 16:39:42,210:INFO:Initializing Fold 8
2020-09-28 16:39:42,211:INFO:Total runtime is 10.277315107981368 minutes
2020-09-28 16:39:42,332:INFO:Fitting Model
2020-09-28 16:39:43,820:INFO:Evaluating Metrics
2020-09-28 16:39:43,885:INFO:Compiling Metrics
2020-09-28 16:39:43,906:INFO:Initializing Fold 9
2020-09-28 16:39:43,906:INFO:Total runtime is 10.305561677614852 minutes
2020-09-28 16:39:44,001:INFO:Fitting Model
2020-09-28 16:39:45,468:INFO:Evaluating Metrics
2020-09-28 16:39:45,535:INFO:Compiling Metrics
2020-09-28 16:39:45,554:INFO:Initializing Fold 10
2020-09-28 16:39:45,555:INFO:Total runtime is 10.33304223219554 minutes
2020-09-28 16:39:45,643:INFO:Fitting Model
2020-09-28 16:39:47,229:INFO:Evaluating Metrics
2020-09-28 16:39:47,294:INFO:Compiling Metrics
2020-09-28 16:39:47,315:INFO:Calculating mean and std
2020-09-28 16:39:47,315:INFO:Creating metrics dataframe
2020-09-28 16:39:47,330:INFO:Initializing Quadratic Discriminant Analysis
2020-09-28 16:39:47,353:INFO:Initializing Fold 1
2020-09-28 16:39:47,355:INFO:Total runtime is 10.363045907020572 minutes
2020-09-28 16:39:47,467:INFO:Fitting Model
2020-09-28 16:39:48,787:INFO:Evaluating Metrics
2020-09-28 16:39:48,941:INFO:Compiling Metrics
2020-09-28 16:39:48,965:INFO:Initializing Fold 2
2020-09-28 16:39:48,966:INFO:Total runtime is 10.389893305301669 minutes
2020-09-28 16:39:49,074:INFO:Fitting Model
2020-09-28 16:39:50,224:INFO:Evaluating Metrics
2020-09-28 16:39:50,359:INFO:Compiling Metrics
2020-09-28 16:39:50,386:INFO:Initializing Fold 3
2020-09-28 16:39:50,387:INFO:Total runtime is 10.413571957747145 minutes
2020-09-28 16:39:50,505:INFO:Fitting Model
2020-09-28 16:39:51,609:INFO:Evaluating Metrics
2020-09-28 16:39:51,729:INFO:Compiling Metrics
2020-09-28 16:39:51,759:INFO:Initializing Fold 4
2020-09-28 16:39:51,759:INFO:Total runtime is 10.436435977617903 minutes
2020-09-28 16:39:51,898:INFO:Fitting Model
2020-09-28 16:39:53,009:INFO:Evaluating Metrics
2020-09-28 16:39:53,144:INFO:Compiling Metrics
2020-09-28 16:39:53,174:INFO:Initializing Fold 5
2020-09-28 16:39:53,175:INFO:Total runtime is 10.46003968715668 minutes
2020-09-28 16:39:53,267:INFO:Fitting Model
2020-09-28 16:39:54,326:INFO:Evaluating Metrics
2020-09-28 16:39:54,444:INFO:Compiling Metrics
2020-09-28 16:39:54,473:INFO:Initializing Fold 6
2020-09-28 16:39:54,474:INFO:Total runtime is 10.481690490245821 minutes
2020-09-28 16:39:54,603:INFO:Fitting Model
2020-09-28 16:39:55,727:INFO:Evaluating Metrics
2020-09-28 16:39:55,991:INFO:Compiling Metrics
2020-09-28 16:39:56,021:INFO:Initializing Fold 7
2020-09-28 16:39:56,021:INFO:Total runtime is 10.50748003323873 minutes
2020-09-28 16:39:56,135:INFO:Fitting Model
2020-09-28 16:39:57,219:INFO:Evaluating Metrics
2020-09-28 16:39:57,327:INFO:Compiling Metrics
2020-09-28 16:39:57,350:INFO:Initializing Fold 8
2020-09-28 16:39:57,351:INFO:Total runtime is 10.529637447992961 minutes
2020-09-28 16:39:57,451:INFO:Fitting Model
2020-09-28 16:39:58,581:INFO:Evaluating Metrics
2020-09-28 16:39:58,701:INFO:Compiling Metrics
2020-09-28 16:39:58,724:INFO:Initializing Fold 9
2020-09-28 16:39:58,724:INFO:Total runtime is 10.55252625544866 minutes
2020-09-28 16:39:58,832:INFO:Fitting Model
2020-09-28 16:39:59,942:INFO:Evaluating Metrics
2020-09-28 16:40:00,076:INFO:Compiling Metrics
2020-09-28 16:40:00,103:INFO:Initializing Fold 10
2020-09-28 16:40:00,103:INFO:Total runtime is 10.575514805316926 minutes
2020-09-28 16:40:00,208:INFO:Fitting Model
2020-09-28 16:40:01,319:INFO:Evaluating Metrics
2020-09-28 16:40:01,443:INFO:Compiling Metrics
2020-09-28 16:40:01,465:INFO:Calculating mean and std
2020-09-28 16:40:01,466:INFO:Creating metrics dataframe
2020-09-28 16:40:01,484:INFO:Initializing Ada Boost Classifier
2020-09-28 16:40:01,506:INFO:Initializing Fold 1
2020-09-28 16:40:01,507:INFO:Total runtime is 10.59890229701996 minutes
2020-09-28 16:40:01,621:INFO:Fitting Model
2020-09-28 16:40:15,319:INFO:Evaluating Metrics
2020-09-28 16:40:16,051:INFO:Compiling Metrics
2020-09-28 16:40:16,072:INFO:Initializing Fold 2
2020-09-28 16:40:16,073:INFO:Total runtime is 10.841681861877442 minutes
2020-09-28 16:40:16,197:INFO:Fitting Model
2020-09-28 16:40:30,232:INFO:Evaluating Metrics
2020-09-28 16:40:30,836:INFO:Compiling Metrics
2020-09-28 16:40:30,857:INFO:Initializing Fold 3
2020-09-28 16:40:30,858:INFO:Total runtime is 11.088085099061331 minutes
2020-09-28 16:40:30,985:INFO:Fitting Model
2020-09-28 16:40:43,609:INFO:Evaluating Metrics
2020-09-28 16:40:44,264:INFO:Compiling Metrics
2020-09-28 16:40:44,289:INFO:Initializing Fold 4
2020-09-28 16:40:44,290:INFO:Total runtime is 11.311940570672354 minutes
2020-09-28 16:40:44,374:INFO:Fitting Model
2020-09-28 16:40:56,931:INFO:Evaluating Metrics
2020-09-28 16:40:57,594:INFO:Compiling Metrics
2020-09-28 16:40:57,614:INFO:Initializing Fold 5
2020-09-28 16:40:57,616:INFO:Total runtime is 11.534066088994345 minutes
2020-09-28 16:40:57,725:INFO:Fitting Model
2020-09-28 16:41:09,842:INFO:Evaluating Metrics
2020-09-28 16:41:10,479:INFO:Compiling Metrics
2020-09-28 16:41:10,499:INFO:Initializing Fold 6
2020-09-28 16:41:10,500:INFO:Total runtime is 11.748784311612448 minutes
2020-09-28 16:41:10,613:INFO:Fitting Model
2020-09-28 16:41:24,491:INFO:Evaluating Metrics
2020-09-28 16:41:25,101:INFO:Compiling Metrics
2020-09-28 16:41:25,124:INFO:Initializing Fold 7
2020-09-28 16:41:25,125:INFO:Total runtime is 11.992549220720928 minutes
2020-09-28 16:41:25,246:INFO:Fitting Model
2020-09-28 16:41:37,729:INFO:Evaluating Metrics
2020-09-28 16:41:38,420:INFO:Compiling Metrics
2020-09-28 16:41:38,441:INFO:Initializing Fold 8
2020-09-28 16:41:38,442:INFO:Total runtime is 12.21449056863785 minutes
2020-09-28 16:41:38,569:INFO:Fitting Model
2020-09-28 16:41:52,663:INFO:Evaluating Metrics
2020-09-28 16:41:53,311:INFO:Compiling Metrics
2020-09-28 16:41:53,336:INFO:Initializing Fold 9
2020-09-28 16:41:53,338:INFO:Total runtime is 12.462760035196942 minutes
2020-09-28 16:41:53,489:INFO:Fitting Model
2020-09-28 16:42:05,912:INFO:Evaluating Metrics
2020-09-28 16:42:06,585:INFO:Compiling Metrics
2020-09-28 16:42:06,612:INFO:Initializing Fold 10
2020-09-28 16:42:06,613:INFO:Total runtime is 12.684003357092541 minutes
2020-09-28 16:42:06,739:INFO:Fitting Model
2020-09-28 16:42:19,673:INFO:Evaluating Metrics
2020-09-28 16:42:20,358:INFO:Compiling Metrics
2020-09-28 16:42:20,380:INFO:Calculating mean and std
2020-09-28 16:42:20,380:INFO:Creating metrics dataframe
2020-09-28 16:42:20,396:INFO:Initializing Gradient Boosting Classifier
2020-09-28 16:42:20,419:INFO:Initializing Fold 1
2020-09-28 16:42:20,420:INFO:Total runtime is 12.914124472935995 minutes
2020-09-28 16:42:20,548:INFO:Fitting Model
2020-09-28 16:43:07,296:INFO:Evaluating Metrics
2020-09-28 16:43:07,409:INFO:Compiling Metrics
2020-09-28 16:43:07,431:INFO:Initializing Fold 2
2020-09-28 16:43:07,431:INFO:Total runtime is 13.697635948657991 minutes
2020-09-28 16:43:07,529:INFO:Fitting Model
2020-09-28 16:43:53,954:INFO:Evaluating Metrics
2020-09-28 16:43:54,071:INFO:Compiling Metrics
2020-09-28 16:43:54,094:INFO:Initializing Fold 3
2020-09-28 16:43:54,094:INFO:Total runtime is 14.475364466508232 minutes
2020-09-28 16:43:54,228:INFO:Fitting Model
2020-09-28 16:44:38,896:INFO:Evaluating Metrics
2020-09-28 16:44:38,986:INFO:Compiling Metrics
2020-09-28 16:44:39,007:INFO:Initializing Fold 4
2020-09-28 16:44:39,007:INFO:Total runtime is 15.22391248146693 minutes
2020-09-28 16:44:39,124:INFO:Fitting Model
2020-09-28 16:45:24,682:INFO:Evaluating Metrics
2020-09-28 16:45:24,766:INFO:Compiling Metrics
2020-09-28 16:45:24,786:INFO:Initializing Fold 5
2020-09-28 16:45:24,787:INFO:Total runtime is 15.986912095546725 minutes
2020-09-28 16:45:24,889:INFO:Fitting Model
2020-09-28 16:46:09,892:INFO:Evaluating Metrics
2020-09-28 16:46:09,978:INFO:Compiling Metrics
2020-09-28 16:46:09,998:INFO:Initializing Fold 6
2020-09-28 16:46:09,999:INFO:Total runtime is 16.740438119570417 minutes
2020-09-28 16:46:10,105:INFO:Fitting Model
2020-09-28 16:46:56,128:INFO:Evaluating Metrics
2020-09-28 16:46:56,222:INFO:Compiling Metrics
2020-09-28 16:46:56,242:INFO:Initializing Fold 7
2020-09-28 16:46:56,243:INFO:Total runtime is 17.511177368958794 minutes
2020-09-28 16:46:56,332:INFO:Fitting Model
2020-09-28 16:47:42,024:INFO:Evaluating Metrics
2020-09-28 16:47:42,107:INFO:Compiling Metrics
2020-09-28 16:47:42,135:INFO:Initializing Fold 8
2020-09-28 16:47:42,139:INFO:Total runtime is 18.276114690303807 minutes
2020-09-28 16:47:42,255:INFO:Fitting Model
2020-09-28 16:48:26,520:INFO:Evaluating Metrics
2020-09-28 16:48:26,599:INFO:Compiling Metrics
2020-09-28 16:48:26,623:INFO:Initializing Fold 9
2020-09-28 16:48:26,624:INFO:Total runtime is 19.017532090346023 minutes
2020-09-28 16:48:26,711:INFO:Fitting Model
2020-09-28 16:49:11,560:INFO:Evaluating Metrics
2020-09-28 16:49:11,643:INFO:Compiling Metrics
2020-09-28 16:49:11,664:INFO:Initializing Fold 10
2020-09-28 16:49:11,667:INFO:Total runtime is 19.76824673414231 minutes
2020-09-28 16:49:11,777:INFO:Fitting Model
2020-09-28 16:49:56,320:INFO:Evaluating Metrics
2020-09-28 16:49:56,413:INFO:Compiling Metrics
2020-09-28 16:49:56,432:INFO:Calculating mean and std
2020-09-28 16:49:56,432:INFO:Creating metrics dataframe
2020-09-28 16:49:56,451:INFO:Initializing Linear Discriminant Analysis
2020-09-28 16:49:56,470:INFO:Initializing Fold 1
2020-09-28 16:49:56,471:INFO:Total runtime is 20.51498174667359 minutes
2020-09-28 16:49:56,636:INFO:Fitting Model
2020-09-28 16:49:59,804:INFO:Evaluating Metrics
2020-09-28 16:49:59,836:INFO:Compiling Metrics
2020-09-28 16:49:59,860:INFO:Initializing Fold 2
2020-09-28 16:49:59,861:INFO:Total runtime is 20.57148171663285 minutes
2020-09-28 16:49:59,962:INFO:Fitting Model
2020-09-28 16:50:02,614:INFO:Evaluating Metrics
2020-09-28 16:50:02,647:INFO:Compiling Metrics
2020-09-28 16:50:02,682:INFO:Initializing Fold 3
2020-09-28 16:50:02,685:INFO:Total runtime is 20.61854879458746 minutes
2020-09-28 16:50:02,822:INFO:Fitting Model
2020-09-28 16:50:05,342:INFO:Evaluating Metrics
2020-09-28 16:50:05,377:INFO:Compiling Metrics
2020-09-28 16:50:05,402:INFO:Initializing Fold 4
2020-09-28 16:50:05,403:INFO:Total runtime is 20.663844704627998 minutes
2020-09-28 16:50:05,557:INFO:Fitting Model
2020-09-28 16:50:07,999:INFO:Evaluating Metrics
2020-09-28 16:50:08,026:INFO:Compiling Metrics
2020-09-28 16:50:08,051:INFO:Initializing Fold 5
2020-09-28 16:50:08,052:INFO:Total runtime is 20.707993233203894 minutes
2020-09-28 16:50:08,175:INFO:Fitting Model
2020-09-28 16:50:10,639:INFO:Evaluating Metrics
2020-09-28 16:50:10,663:INFO:Compiling Metrics
2020-09-28 16:50:10,684:INFO:Initializing Fold 6
2020-09-28 16:50:10,687:INFO:Total runtime is 20.751884365081793 minutes
2020-09-28 16:50:10,846:INFO:Fitting Model
2020-09-28 16:50:13,289:INFO:Evaluating Metrics
2020-09-28 16:50:13,323:INFO:Compiling Metrics
2020-09-28 16:50:13,347:INFO:Initializing Fold 7
2020-09-28 16:50:13,348:INFO:Total runtime is 20.796266166369126 minutes
2020-09-28 16:50:13,462:INFO:Fitting Model
2020-09-28 16:50:15,912:INFO:Evaluating Metrics
2020-09-28 16:50:15,944:INFO:Compiling Metrics
2020-09-28 16:50:15,973:INFO:Initializing Fold 8
2020-09-28 16:50:15,974:INFO:Total runtime is 20.840016420682275 minutes
2020-09-28 16:50:16,093:INFO:Fitting Model
2020-09-28 16:50:18,569:INFO:Evaluating Metrics
2020-09-28 16:50:18,608:INFO:Compiling Metrics
2020-09-28 16:50:18,628:INFO:Initializing Fold 9
2020-09-28 16:50:18,629:INFO:Total runtime is 20.884282600879672 minutes
2020-09-28 16:50:18,737:INFO:Fitting Model
2020-09-28 16:50:21,148:INFO:Evaluating Metrics
2020-09-28 16:50:21,184:INFO:Compiling Metrics
2020-09-28 16:50:21,205:INFO:Initializing Fold 10
2020-09-28 16:50:21,206:INFO:Total runtime is 20.92721782922745 minutes
2020-09-28 16:50:21,326:INFO:Fitting Model
2020-09-28 16:50:23,780:INFO:Evaluating Metrics
2020-09-28 16:50:23,814:INFO:Compiling Metrics
2020-09-28 16:50:23,834:INFO:Calculating mean and std
2020-09-28 16:50:23,835:INFO:Creating metrics dataframe
2020-09-28 16:50:23,860:INFO:Initializing Extra Trees Classifier
2020-09-28 16:50:25,011:INFO:Initializing Fold 1
2020-09-28 16:50:25,012:INFO:Total runtime is 20.99064914385478 minutes
2020-09-28 16:50:25,094:INFO:Fitting Model
2020-09-28 16:50:46,298:INFO:Evaluating Metrics
2020-09-28 16:50:46,707:INFO:Compiling Metrics
2020-09-28 16:50:46,729:INFO:Initializing Fold 2
2020-09-28 16:50:46,729:INFO:Total runtime is 21.352606769402826 minutes
2020-09-28 16:50:46,832:INFO:Fitting Model
2020-09-28 16:51:08,581:INFO:Evaluating Metrics
2020-09-28 16:51:08,967:INFO:Compiling Metrics
2020-09-28 16:51:08,988:INFO:Initializing Fold 3
2020-09-28 16:51:08,988:INFO:Total runtime is 21.72358645598094 minutes
2020-09-28 16:51:09,109:INFO:Fitting Model
2020-09-28 16:51:30,593:INFO:Evaluating Metrics
2020-09-28 16:51:30,973:INFO:Compiling Metrics
2020-09-28 16:51:30,993:INFO:Initializing Fold 4
2020-09-28 16:51:30,994:INFO:Total runtime is 22.09035251935323 minutes
2020-09-28 16:51:31,077:INFO:Fitting Model
2020-09-28 16:51:52,927:INFO:Evaluating Metrics
2020-09-28 16:51:53,311:INFO:Compiling Metrics
2020-09-28 16:51:53,330:INFO:Initializing Fold 5
2020-09-28 16:51:53,331:INFO:Total runtime is 22.462640551726025 minutes
2020-09-28 16:51:53,427:INFO:Fitting Model
2020-09-28 16:52:14,779:INFO:Evaluating Metrics
2020-09-28 16:52:15,152:INFO:Compiling Metrics
2020-09-28 16:52:15,172:INFO:Initializing Fold 6
2020-09-28 16:52:15,172:INFO:Total runtime is 22.826660239696505 minutes
2020-09-28 16:52:15,308:INFO:Fitting Model
2020-09-28 16:52:36,820:INFO:Evaluating Metrics
2020-09-28 16:52:37,232:INFO:Compiling Metrics
2020-09-28 16:52:37,252:INFO:Initializing Fold 7
2020-09-28 16:52:37,253:INFO:Total runtime is 23.194672640164697 minutes
2020-09-28 16:52:37,345:INFO:Fitting Model
2020-09-28 16:53:00,445:INFO:Evaluating Metrics
2020-09-28 16:53:00,853:INFO:Compiling Metrics
2020-09-28 16:53:00,872:INFO:Initializing Fold 8
2020-09-28 16:53:00,873:INFO:Total runtime is 23.588335267702742 minutes
2020-09-28 16:53:00,967:INFO:Fitting Model
2020-09-28 16:53:26,241:INFO:Evaluating Metrics
2020-09-28 16:53:26,618:INFO:Compiling Metrics
2020-09-28 16:53:26,640:INFO:Initializing Fold 9
2020-09-28 16:53:26,640:INFO:Total runtime is 24.01778940359752 minutes
2020-09-28 16:53:26,757:INFO:Fitting Model
2020-09-28 16:53:48,061:INFO:Evaluating Metrics
2020-09-28 16:53:48,463:INFO:Compiling Metrics
2020-09-28 16:53:48,484:INFO:Initializing Fold 10
2020-09-28 16:53:48,485:INFO:Total runtime is 24.381869947910314 minutes
2020-09-28 16:53:48,578:INFO:Fitting Model
2020-09-28 16:54:10,224:INFO:Evaluating Metrics
2020-09-28 16:54:10,607:INFO:Compiling Metrics
2020-09-28 16:54:10,629:INFO:Calculating mean and std
2020-09-28 16:54:10,629:INFO:Creating metrics dataframe
2020-09-28 16:54:10,649:INFO:Initializing Extreme Gradient Boosting
2020-09-28 16:54:10,675:INFO:Initializing Fold 1
2020-09-28 16:54:10,677:INFO:Total runtime is 24.75173963308335 minutes
2020-09-28 16:54:10,816:INFO:Fitting Model
2020-09-28 16:54:26,141:INFO:Evaluating Metrics
2020-09-28 16:54:26,362:INFO:Compiling Metrics
2020-09-28 16:54:26,413:INFO:Initializing Fold 2
2020-09-28 16:54:26,414:INFO:Total runtime is 25.014031390349075 minutes
2020-09-28 16:54:26,547:INFO:Fitting Model
2020-09-28 16:54:37,676:INFO:Evaluating Metrics
2020-09-28 16:54:37,909:INFO:Compiling Metrics
2020-09-28 16:54:37,957:INFO:Initializing Fold 3
2020-09-28 16:54:37,959:INFO:Total runtime is 25.20644273757935 minutes
2020-09-28 16:54:38,156:INFO:Fitting Model
2020-09-28 16:54:51,318:INFO:Evaluating Metrics
2020-09-28 16:54:51,497:INFO:Compiling Metrics
2020-09-28 16:54:51,550:INFO:Initializing Fold 4
2020-09-28 16:54:51,553:INFO:Total runtime is 25.433012588818873 minutes
2020-09-28 16:54:51,765:INFO:Fitting Model
2020-09-28 16:55:03,730:INFO:Evaluating Metrics
2020-09-28 16:55:03,923:INFO:Compiling Metrics
2020-09-28 16:55:03,975:INFO:Initializing Fold 5
2020-09-28 16:55:03,976:INFO:Total runtime is 25.64005110263825 minutes
2020-09-28 16:55:04,071:INFO:Fitting Model
2020-09-28 16:55:18,175:INFO:Evaluating Metrics
2020-09-28 16:55:18,374:INFO:Compiling Metrics
2020-09-28 16:55:18,428:INFO:Initializing Fold 6
2020-09-28 16:55:18,429:INFO:Total runtime is 25.880941180388138 minutes
2020-09-28 16:55:18,547:INFO:Fitting Model
2020-09-28 16:55:31,339:INFO:Evaluating Metrics
2020-09-28 16:55:31,528:INFO:Compiling Metrics
2020-09-28 16:55:31,579:INFO:Initializing Fold 7
2020-09-28 16:55:31,580:INFO:Total runtime is 26.10012226502101 minutes
2020-09-28 16:55:31,779:INFO:Fitting Model
2020-09-28 16:55:44,989:INFO:Evaluating Metrics
2020-09-28 16:55:45,178:INFO:Compiling Metrics
2020-09-28 16:55:45,230:INFO:Initializing Fold 8
2020-09-28 16:55:45,232:INFO:Total runtime is 26.327656825383507 minutes
2020-09-28 16:55:45,341:INFO:Fitting Model
2020-09-28 16:55:57,096:INFO:Evaluating Metrics
2020-09-28 16:55:57,269:INFO:Compiling Metrics
2020-09-28 16:55:57,322:INFO:Initializing Fold 9
2020-09-28 16:55:57,324:INFO:Total runtime is 26.529193496704103 minutes
2020-09-28 16:55:57,417:INFO:Fitting Model
2020-09-28 16:56:09,166:INFO:Evaluating Metrics
2020-09-28 16:56:09,343:INFO:Compiling Metrics
2020-09-28 16:56:09,394:INFO:Initializing Fold 10
2020-09-28 16:56:09,395:INFO:Total runtime is 26.73038104772568 minutes
2020-09-28 16:56:09,504:INFO:Fitting Model
2020-09-28 16:56:21,241:INFO:Evaluating Metrics
2020-09-28 16:56:21,424:INFO:Compiling Metrics
2020-09-28 16:56:21,477:INFO:Calculating mean and std
2020-09-28 16:56:21,477:INFO:Creating metrics dataframe
2020-09-28 16:56:21,499:INFO:Initializing Light Gradient Boosting Machine
2020-09-28 16:56:21,517:INFO:Initializing Fold 1
2020-09-28 16:56:21,518:INFO:Total runtime is 26.93243300120036 minutes
2020-09-28 16:56:21,594:INFO:Fitting Model
2020-09-28 16:56:25,278:INFO:Evaluating Metrics
2020-09-28 16:56:25,464:INFO:Compiling Metrics
2020-09-28 16:56:25,517:INFO:Initializing Fold 2
2020-09-28 16:56:25,518:INFO:Total runtime is 26.999083133538566 minutes
2020-09-28 16:56:25,610:INFO:Fitting Model
2020-09-28 16:56:26,780:INFO:Evaluating Metrics
2020-09-28 16:56:26,936:INFO:Compiling Metrics
2020-09-28 16:56:26,987:INFO:Initializing Fold 3
2020-09-28 16:56:26,989:INFO:Total runtime is 27.023600908120475 minutes
2020-09-28 16:56:27,092:INFO:Fitting Model
2020-09-28 16:56:28,299:INFO:Evaluating Metrics
2020-09-28 16:56:28,478:INFO:Compiling Metrics
2020-09-28 16:56:28,531:INFO:Initializing Fold 4
2020-09-28 16:56:28,532:INFO:Total runtime is 27.0493239402771 minutes
2020-09-28 16:56:28,624:INFO:Fitting Model
2020-09-28 16:56:29,828:INFO:Evaluating Metrics
2020-09-28 16:56:29,969:INFO:Compiling Metrics
2020-09-28 16:56:30,021:INFO:Initializing Fold 5
2020-09-28 16:56:30,022:INFO:Total runtime is 27.074165983994803 minutes
2020-09-28 16:56:30,092:INFO:Fitting Model
2020-09-28 16:56:31,283:INFO:Evaluating Metrics
2020-09-28 16:56:31,428:INFO:Compiling Metrics
2020-09-28 16:56:31,480:INFO:Initializing Fold 6
2020-09-28 16:56:31,481:INFO:Total runtime is 27.098476513226828 minutes
2020-09-28 16:56:31,567:INFO:Fitting Model
2020-09-28 16:56:32,835:INFO:Evaluating Metrics
2020-09-28 16:56:32,982:INFO:Compiling Metrics
2020-09-28 16:56:33,034:INFO:Initializing Fold 7
2020-09-28 16:56:33,035:INFO:Total runtime is 27.124373956521353 minutes
2020-09-28 16:56:33,162:INFO:Fitting Model
2020-09-28 16:56:34,406:INFO:Evaluating Metrics
2020-09-28 16:56:34,549:INFO:Compiling Metrics
2020-09-28 16:56:34,602:INFO:Initializing Fold 8
2020-09-28 16:56:34,603:INFO:Total runtime is 27.150512536366783 minutes
2020-09-28 16:56:34,694:INFO:Fitting Model
2020-09-28 16:56:35,853:INFO:Evaluating Metrics
2020-09-28 16:56:36,000:INFO:Compiling Metrics
2020-09-28 16:56:36,052:INFO:Initializing Fold 9
2020-09-28 16:56:36,054:INFO:Total runtime is 27.174673120180767 minutes
2020-09-28 16:56:36,142:INFO:Fitting Model
2020-09-28 16:56:37,401:INFO:Evaluating Metrics
2020-09-28 16:56:37,553:INFO:Compiling Metrics
2020-09-28 16:56:37,606:INFO:Initializing Fold 10
2020-09-28 16:56:37,608:INFO:Total runtime is 27.200571890672048 minutes
2020-09-28 16:56:37,693:INFO:Fitting Model
2020-09-28 16:56:38,908:INFO:Evaluating Metrics
2020-09-28 16:56:39,060:INFO:Compiling Metrics
2020-09-28 16:56:39,112:INFO:Calculating mean and std
2020-09-28 16:56:39,113:INFO:Creating metrics dataframe
2020-09-28 16:56:39,140:INFO:Initializing CatBoost Classifier
2020-09-28 16:56:39,164:INFO:Initializing Fold 1
2020-09-28 16:56:39,165:INFO:Total runtime is 27.22654451529185 minutes
2020-09-28 16:56:39,237:INFO:Fitting Model
2020-09-28 16:57:13,771:INFO:Evaluating Metrics
2020-09-28 16:57:13,895:INFO:Compiling Metrics
2020-09-28 16:57:13,933:INFO:Initializing Fold 2
2020-09-28 16:57:13,934:INFO:Total runtime is 27.806001182397207 minutes
2020-09-28 16:57:14,016:INFO:Fitting Model
2020-09-28 16:57:42,219:INFO:Evaluating Metrics
2020-09-28 16:57:42,278:INFO:Compiling Metrics
2020-09-28 16:57:42,320:INFO:Initializing Fold 3
2020-09-28 16:57:42,321:INFO:Total runtime is 28.27912231683731 minutes
2020-09-28 16:57:42,416:INFO:Fitting Model
2020-09-28 16:58:08,700:INFO:Evaluating Metrics
2020-09-28 16:58:08,746:INFO:Compiling Metrics
2020-09-28 16:58:08,787:INFO:Initializing Fold 4
2020-09-28 16:58:08,788:INFO:Total runtime is 28.720240235328674 minutes
2020-09-28 16:58:08,892:INFO:Fitting Model
2020-09-28 16:58:36,704:INFO:Evaluating Metrics
2020-09-28 16:58:36,769:INFO:Compiling Metrics
2020-09-28 16:58:36,808:INFO:Initializing Fold 5
2020-09-28 16:58:36,809:INFO:Total runtime is 29.18726945320765 minutes
2020-09-28 16:58:36,898:INFO:Fitting Model
2020-09-28 16:59:03,452:INFO:Evaluating Metrics
2020-09-28 16:59:03,528:INFO:Compiling Metrics
2020-09-28 16:59:03,579:INFO:Initializing Fold 6
2020-09-28 16:59:03,580:INFO:Total runtime is 29.633460466066996 minutes
2020-09-28 16:59:03,726:INFO:Fitting Model
2020-09-28 16:59:29,644:INFO:Evaluating Metrics
2020-09-28 16:59:29,699:INFO:Compiling Metrics
2020-09-28 16:59:29,740:INFO:Initializing Fold 7
2020-09-28 16:59:29,741:INFO:Total runtime is 30.069477701187132 minutes
2020-09-28 16:59:29,842:INFO:Fitting Model
2020-09-28 16:59:55,668:INFO:Evaluating Metrics
2020-09-28 16:59:55,715:INFO:Compiling Metrics
2020-09-28 16:59:55,757:INFO:Initializing Fold 8
2020-09-28 16:59:55,758:INFO:Total runtime is 30.503099159399667 minutes
2020-09-28 16:59:55,850:INFO:Fitting Model
2020-09-28 17:00:25,481:INFO:Evaluating Metrics
2020-09-28 17:00:25,562:INFO:Compiling Metrics
2020-09-28 17:00:25,600:INFO:Initializing Fold 9
2020-09-28 17:00:25,601:INFO:Total runtime is 31.000482710202533 minutes
2020-09-28 17:00:25,725:INFO:Fitting Model
2020-09-28 17:00:53,235:INFO:Evaluating Metrics
2020-09-28 17:00:53,288:INFO:Compiling Metrics
2020-09-28 17:00:53,328:INFO:Initializing Fold 10
2020-09-28 17:00:53,329:INFO:Total runtime is 31.462616284688313 minutes
2020-09-28 17:00:53,433:INFO:Fitting Model
2020-09-28 17:01:20,106:INFO:Evaluating Metrics
2020-09-28 17:01:20,165:INFO:Compiling Metrics
2020-09-28 17:01:20,208:INFO:Calculating mean and std
2020-09-28 17:01:20,208:INFO:Creating metrics dataframe
2020-09-28 17:01:20,278:INFO:Finalizing top_n models
2020-09-28 17:01:20,278:INFO:SubProcess create_model() called ==================================
2020-09-28 17:01:20,362:INFO:Initializing create_model()
2020-09-28 17:01:20,363:INFO:create_model(estimator=catboost, ensemble=False, method=None, fold=10, round=4, cross_validation=True, verbose=False, system=False)
2020-09-28 17:01:20,363:INFO:Checking exceptions
2020-09-28 17:01:20,363:INFO:Preloading libraries
2020-09-28 17:01:20,364:INFO:Preparing display monitor
2020-09-28 17:01:20,381:INFO:Copying training dataset
2020-09-28 17:01:20,456:INFO:Importing libraries
2020-09-28 17:01:20,457:INFO:Defining folds
2020-09-28 17:01:20,458:INFO:Declaring metric variables
2020-09-28 17:01:20,458:INFO:Importing untrained model
2020-09-28 17:01:20,458:INFO:CatBoost Classifier Imported succesfully
2020-09-28 17:01:20,459:INFO:Checking ensemble method
2020-09-28 17:01:20,472:INFO:Initializing Fold 1
2020-09-28 17:01:20,564:INFO:Fitting Model
2020-09-28 17:01:49,914:INFO:Evaluating Metrics
2020-09-28 17:01:49,958:INFO:Compiling Metrics
2020-09-28 17:01:49,997:INFO:Initializing Fold 2
2020-09-28 17:01:50,092:INFO:Fitting Model
2020-09-28 17:02:20,808:INFO:Evaluating Metrics
2020-09-28 17:02:20,884:INFO:Compiling Metrics
2020-09-28 17:02:20,939:INFO:Initializing Fold 3
2020-09-28 17:02:21,075:INFO:Fitting Model
2020-09-28 17:02:49,418:INFO:Evaluating Metrics
2020-09-28 17:02:49,467:INFO:Compiling Metrics
2020-09-28 17:02:49,507:INFO:Initializing Fold 4
2020-09-28 17:02:49,573:INFO:Fitting Model
2020-09-28 17:03:19,392:INFO:Evaluating Metrics
2020-09-28 17:03:19,434:INFO:Compiling Metrics
2020-09-28 17:03:19,474:INFO:Initializing Fold 5
2020-09-28 17:03:19,534:INFO:Fitting Model
2020-09-28 17:03:46,241:INFO:Evaluating Metrics
2020-09-28 17:03:46,288:INFO:Compiling Metrics
2020-09-28 17:03:46,331:INFO:Initializing Fold 6
2020-09-28 17:03:46,397:INFO:Fitting Model
2020-09-28 17:04:12,860:INFO:Evaluating Metrics
2020-09-28 17:04:12,906:INFO:Compiling Metrics
2020-09-28 17:04:12,945:INFO:Initializing Fold 7
2020-09-28 17:04:13,014:INFO:Fitting Model
2020-09-28 17:04:37,451:INFO:Evaluating Metrics
2020-09-28 17:04:37,508:INFO:Compiling Metrics
2020-09-28 17:04:37,550:INFO:Initializing Fold 8
2020-09-28 17:04:37,610:INFO:Fitting Model
2020-09-28 17:05:01,840:INFO:Evaluating Metrics
2020-09-28 17:05:01,925:INFO:Compiling Metrics
2020-09-28 17:05:01,962:INFO:Initializing Fold 9
2020-09-28 17:05:02,024:INFO:Fitting Model
2020-09-28 17:05:25,954:INFO:Evaluating Metrics
2020-09-28 17:05:26,053:INFO:Compiling Metrics
2020-09-28 17:05:26,093:INFO:Initializing Fold 10
2020-09-28 17:05:26,173:INFO:Fitting Model
2020-09-28 17:05:50,343:INFO:Evaluating Metrics
2020-09-28 17:05:50,409:INFO:Compiling Metrics
2020-09-28 17:05:50,448:INFO:Calculating mean and std
2020-09-28 17:05:50,462:INFO:Creating metrics dataframe
2020-09-28 17:05:50,510:INFO:Finalizing model
2020-09-28 17:06:17,499:INFO:Uploading results into container
2020-09-28 17:06:17,499:INFO:Uploading model into container now
2020-09-28 17:06:17,499:INFO:create_model_container: 1
2020-09-28 17:06:17,499:INFO:master_model_container: 1
2020-09-28 17:06:17,499:INFO:display_container: 1
2020-09-28 17:06:17,499:INFO:<catboost.core.CatBoostClassifier object at 0x000002B621A49F10>
2020-09-28 17:06:17,499:INFO:create_model() succesfully completed......................................
2020-09-28 17:06:17,524:INFO:SubProcess create_model() end ==================================
2020-09-28 17:06:18,049:INFO:create_model_container: 1
2020-09-28 17:06:18,049:INFO:master_model_container: 1
2020-09-28 17:06:18,049:INFO:display_container: 2
2020-09-28 17:06:18,049:INFO:<catboost.core.CatBoostClassifier object at 0x000002B621A49F10>
2020-09-28 17:06:18,050:INFO:compare_models() succesfully completed......................................
2020-09-28 17:18:25,527:INFO:Initializing create_model()
2020-09-28 17:18:25,527:INFO:create_model(estimator=xgboost, ensemble=False, method=None, fold=10, round=4, cross_validation=True, verbose=True, system=True)
2020-09-28 17:18:25,527:INFO:Checking exceptions
2020-09-28 17:18:25,527:INFO:Preloading libraries
2020-09-28 17:18:25,527:INFO:Preparing display monitor
2020-09-28 17:18:25,564:INFO:Copying training dataset
2020-09-28 17:18:25,618:INFO:Importing libraries
2020-09-28 17:18:25,618:INFO:Defining folds
2020-09-28 17:18:25,619:INFO:Declaring metric variables
2020-09-28 17:18:25,627:INFO:Importing untrained model
2020-09-28 17:18:25,628:INFO:Extreme Gradient Boosting Imported succesfully
2020-09-28 17:18:25,629:INFO:Checking ensemble method
2020-09-28 17:18:25,652:INFO:Initializing Fold 1
2020-09-28 17:18:25,741:INFO:Fitting Model
2020-09-28 17:18:38,246:INFO:Evaluating Metrics
2020-09-28 17:18:38,418:INFO:Compiling Metrics
2020-09-28 17:18:38,487:INFO:Initializing Fold 2
2020-09-28 17:18:38,601:INFO:Fitting Model
2020-09-28 17:18:49,788:INFO:Evaluating Metrics
2020-09-28 17:18:49,964:INFO:Compiling Metrics
2020-09-28 17:18:50,040:INFO:Initializing Fold 3
2020-09-28 17:18:50,180:INFO:Fitting Model
2020-09-28 17:19:01,688:INFO:Evaluating Metrics
2020-09-28 17:19:01,866:INFO:Compiling Metrics
2020-09-28 17:19:01,933:INFO:Initializing Fold 4
2020-09-28 17:19:02,026:INFO:Fitting Model
2020-09-28 17:19:12,854:INFO:Evaluating Metrics
2020-09-28 17:19:13,035:INFO:Compiling Metrics
2020-09-28 17:19:13,105:INFO:Initializing Fold 5
2020-09-28 17:19:13,210:INFO:Fitting Model
2020-09-28 17:19:24,057:INFO:Evaluating Metrics
2020-09-28 17:19:24,249:INFO:Compiling Metrics
2020-09-28 17:19:24,320:INFO:Initializing Fold 6
2020-09-28 17:19:24,411:INFO:Fitting Model
2020-09-28 17:19:35,507:INFO:Evaluating Metrics
2020-09-28 17:19:35,685:INFO:Compiling Metrics
2020-09-28 17:19:35,759:INFO:Initializing Fold 7
2020-09-28 17:19:35,860:INFO:Fitting Model
2020-09-28 17:19:47,118:INFO:Evaluating Metrics
2020-09-28 17:19:47,299:INFO:Compiling Metrics
2020-09-28 17:19:47,371:INFO:Initializing Fold 8
2020-09-28 17:19:47,472:INFO:Fitting Model
2020-09-28 17:19:58,759:INFO:Evaluating Metrics
2020-09-28 17:19:58,943:INFO:Compiling Metrics
2020-09-28 17:19:59,013:INFO:Initializing Fold 9
2020-09-28 17:19:59,111:INFO:Fitting Model
2020-09-28 17:20:10,562:INFO:Evaluating Metrics
2020-09-28 17:20:10,743:INFO:Compiling Metrics
2020-09-28 17:20:10,811:INFO:Initializing Fold 10
2020-09-28 17:20:10,906:INFO:Fitting Model
2020-09-28 17:20:22,529:INFO:Evaluating Metrics
2020-09-28 17:20:22,714:INFO:Compiling Metrics
2020-09-28 17:20:22,782:INFO:Calculating mean and std
2020-09-28 17:20:22,783:INFO:Creating metrics dataframe
2020-09-28 17:20:22,794:INFO:Finalizing model
2020-09-28 17:20:35,635:INFO:Uploading results into container
2020-09-28 17:20:35,635:INFO:Uploading model into container now
2020-09-28 17:20:35,709:INFO:create_model_container: 2
2020-09-28 17:20:35,710:INFO:master_model_container: 2
2020-09-28 17:20:35,710:INFO:display_container: 3
2020-09-28 17:20:35,713:INFO:XGBClassifier(base_score=0.5, booster='gbtree', colsample_bylevel=1,
              colsample_bynode=1, colsample_bytree=1, gamma=0, gpu_id=-1,
              importance_type='gain', interaction_constraints='',
              learning_rate=0.300000012, max_delta_step=0, max_depth=6,
              min_child_weight=1, missing=nan, monotone_constraints='()',
              n_estimators=100, n_jobs=-1, num_parallel_tree=1,
              objective='binary:logistic', random_state=3009, reg_alpha=0,
              reg_lambda=1, scale_pos_weight=1, subsample=1,
              tree_method='exact', validate_parameters=1, verbosity=0)
2020-09-28 17:20:35,713:INFO:create_model() succesfully completed......................................
